2024-12-11 02:55:59,634 - Namespace(data_dir='./data/', output_dir='output/', data_name='Beauty', do_eval=False, load_model=None, train_name='FMLPRec_Beauty', num_items=10, num_users=22364, lr=0.001, batch_size=256, epochs=200, no_cuda=False, log_freq=1, patience=10, num_workers=4, seed=42, weight_decay=0.0, adam_beta1=0.9, adam_beta2=0.999, gpu_id='0', variance=5, model_type='FMLPRec', max_seq_length=50, hidden_size=64, num_hidden_layers=2, hidden_act='gelu', num_attention_heads=2, attention_probs_dropout_prob=0.5, hidden_dropout_prob=0.5, initializer_range=0.02, cuda_condition=False, data_file='./data/Beauty.txt', item_size=12102, checkpoint_path='output/FMLPRec_Beauty.pt', same_target_path='./data/Beauty_same_target.npy')
2024-12-11 02:55:59,776 - FMLPRecModel(
  (item_embeddings): Embedding(12102, 64, padding_idx=0)
  (position_embeddings): Embedding(50, 64)
  (LayerNorm): LayerNorm()
  (dropout): Dropout(p=0.5, inplace=False)
  (item_encoder): FMLPRecEncoder(
    (blocks): ModuleList(
      (0-1): 2 x FMLPRecBlock(
        (layer): FMLPRecLayer(
          (out_dropout): Dropout(p=0.5, inplace=False)
          (LayerNorm): LayerNorm()
        )
        (feed_forward): FeedForward(
          (dense_1): Linear(in_features=64, out_features=256, bias=True)
          (dense_2): Linear(in_features=256, out_features=64, bias=True)
          (LayerNorm): LayerNorm()
          (dropout): Dropout(p=0.5, inplace=False)
        )
      )
    )
  )
)
2024-12-11 02:56:05,471 - Total Parameters: 851200
2024-12-11 03:01:11,371 - {'epoch': 0, 'rec_loss': '1.2390'}
2024-12-11 03:01:33,110 - {'Epoch': 0, 'HR@5': '0.0102', 'NDCG@5': '0.0065', 'HR@10': '0.0179', 'NDCG@10': '0.0089', 'HR@20': '0.0304', 'NDCG@20': '0.0121'}
2024-12-11 03:01:33,117 - Validation score increased.  Saving model ...
2024-12-11 03:01:57,006 - Namespace(data_dir='./data/', output_dir='output/', data_name='Beauty', do_eval=False, load_model=None, train_name='FMLPRec_Beauty', num_items=10, num_users=22364, lr=0.001, batch_size=256, epochs=200, no_cuda=False, log_freq=1, patience=10, num_workers=4, seed=42, weight_decay=0.0, adam_beta1=0.9, adam_beta2=0.999, gpu_id='0', variance=5, model_type='WaveRec', max_seq_length=50, hidden_size=64, num_hidden_layers=2, hidden_act='gelu', num_attention_heads=2, attention_probs_dropout_prob=0.5, hidden_dropout_prob=0.5, initializer_range=0.02, pass_weight=1.0, alpha=0.5, filter_type='haar', filter_length=16, sigma=1.0, cuda_condition=False, data_file='./data/Beauty.txt', item_size=12102, checkpoint_path='output/FMLPRec_Beauty.pt', same_target_path='./data/Beauty_same_target.npy')
2024-12-11 03:01:57,030 - WAVERecModel(
  (item_embeddings): Embedding(12102, 64, padding_idx=0)
  (position_embeddings): Embedding(50, 64)
  (LayerNorm): LayerNorm()
  (dropout): Dropout(p=0.5, inplace=False)
  (item_encoder): WaveRecEncoder(
    (blocks): ModuleList(
      (0-1): 2 x WaveRecBlock(
        (layer): WaveRecLayer(
          (attention_layer): MultiHeadAttention(
            (query): Linear(in_features=64, out_features=64, bias=True)
            (key): Linear(in_features=64, out_features=64, bias=True)
            (value): Linear(in_features=64, out_features=64, bias=True)
            (softmax): Softmax(dim=-1)
            (attn_dropout): Dropout(p=0.5, inplace=False)
            (dense): Linear(in_features=64, out_features=64, bias=True)
            (LayerNorm): LayerNorm((64,), eps=1e-12, elementwise_affine=True)
            (out_dropout): Dropout(p=0.5, inplace=False)
          )
          (wavelet_layer): WaveletTransform(
            (out_dropout): Dropout(p=0.5, inplace=False)
            (LayerNorm): LayerNorm()
          )
        )
        (feed_forward): FeedForward(
          (dense_1): Linear(in_features=64, out_features=256, bias=True)
          (dense_2): Linear(in_features=256, out_features=64, bias=True)
          (LayerNorm): LayerNorm()
          (dropout): Dropout(p=0.5, inplace=False)
        )
      )
    )
  )
)
2024-12-11 03:01:58,093 - Total Parameters: 878208
2024-12-11 03:08:22,938 - {'epoch': 0, 'rec_loss': '8.7682'}
2024-12-11 03:08:53,865 - {'Epoch': 0, 'HR@5': '0.0159', 'NDCG@5': '0.0101', 'HR@10': '0.0273', 'NDCG@10': '0.0138', 'HR@20': '0.0431', 'NDCG@20': '0.0177'}
2024-12-11 03:08:53,881 - Validation score increased.  Saving model ...
2024-12-11 03:15:11,206 - {'epoch': 1, 'rec_loss': '8.2886'}
2024-12-11 03:15:41,179 - {'Epoch': 1, 'HR@5': '0.0301', 'NDCG@5': '0.0188', 'HR@10': '0.0487', 'NDCG@10': '0.0248', 'HR@20': '0.0729', 'NDCG@20': '0.0308'}
2024-12-11 03:15:41,181 - Validation score increased.  Saving model ...
2024-12-11 03:21:57,535 - {'epoch': 2, 'rec_loss': '8.0279'}
2024-12-11 03:22:26,800 - {'Epoch': 2, 'HR@5': '0.0389', 'NDCG@5': '0.0256', 'HR@10': '0.0592', 'NDCG@10': '0.0321', 'HR@20': '0.0908', 'NDCG@20': '0.0401'}
2024-12-11 03:22:26,811 - Validation score increased.  Saving model ...
2024-12-11 03:28:40,316 - {'epoch': 3, 'rec_loss': '7.8538'}
2024-12-11 03:29:10,854 - {'Epoch': 3, 'HR@5': '0.0507', 'NDCG@5': '0.0334', 'HR@10': '0.0758', 'NDCG@10': '0.0415', 'HR@20': '0.1111', 'NDCG@20': '0.0504'}
2024-12-11 03:29:10,856 - Validation score increased.  Saving model ...
2024-12-11 03:35:25,412 - {'epoch': 4, 'rec_loss': '7.7067'}
2024-12-11 03:35:54,860 - {'Epoch': 4, 'HR@5': '0.0599', 'NDCG@5': '0.0415', 'HR@10': '0.0860', 'NDCG@10': '0.0499', 'HR@20': '0.1213', 'NDCG@20': '0.0588'}
2024-12-11 03:35:54,862 - Validation score increased.  Saving model ...
2024-12-11 03:42:15,371 - {'epoch': 5, 'rec_loss': '7.5708'}
2024-12-11 03:42:44,571 - {'Epoch': 5, 'HR@5': '0.0656', 'NDCG@5': '0.0449', 'HR@10': '0.0926', 'NDCG@10': '0.0536', 'HR@20': '0.1289', 'NDCG@20': '0.0627'}
2024-12-11 03:42:44,573 - Validation score increased.  Saving model ...
2024-12-11 03:49:01,732 - {'epoch': 6, 'rec_loss': '7.4579'}
2024-12-11 03:49:30,724 - {'Epoch': 6, 'HR@5': '0.0700', 'NDCG@5': '0.0489', 'HR@10': '0.0987', 'NDCG@10': '0.0581', 'HR@20': '0.1371', 'NDCG@20': '0.0678'}
2024-12-11 03:49:30,732 - Validation score increased.  Saving model ...
2024-12-11 03:55:51,409 - {'epoch': 7, 'rec_loss': '7.3531'}
2024-12-11 03:56:21,303 - {'Epoch': 7, 'HR@5': '0.0733', 'NDCG@5': '0.0514', 'HR@10': '0.1016', 'NDCG@10': '0.0605', 'HR@20': '0.1409', 'NDCG@20': '0.0703'}
2024-12-11 03:56:21,305 - Validation score increased.  Saving model ...
